current directory: /Users/geos/tmp/rails_admin_translate/bundle/ruby/2.6.0/gems/mixology-0.2.0/ext/mixology
/Users/geos/.rvm/rubies/ruby-2.6.5/bin/ruby -I /Users/geos/.rvm/rubies/ruby-2.6.5/lib/ruby/site_ruby/2.6.0 -r ./siteconf20230206-17624-xsbpop.rb extconf.rb
creating Makefile

current directory: /Users/geos/tmp/rails_admin_translate/bundle/ruby/2.6.0/gems/mixology-0.2.0/ext/mixology
make "DESTDIR=" clean

current directory: /Users/geos/tmp/rails_admin_translate/bundle/ruby/2.6.0/gems/mixology-0.2.0/ext/mixology
make "DESTDIR="
compiling mixology.c
mixology.c:9:10: warning: 'RCLASS_SUPER' macro redefined [-Wmacro-redefined]
# define RCLASS_SUPER(c) (RCLASS(c)->super)
         ^
/Users/geos/.rvm/rubies/ruby-2.6.5/include/ruby-2.6.0/ruby/ruby.h:939:9: note: previous definition is here
#define RCLASS_SUPER(c) rb_class_get_superclass(c)
        ^
mixology.c:30:18: warning: 'RClassDeprecated' is deprecated: RClass is internal use only [-Wdeprecated-declarations]
    if (KLASS_OF(RCLASS_SUPER(klass)) != KLASS_OF(RCLASS_SUPER(include_class))) {
                 ^
mixology.c:9:27: note: expanded from macro 'RCLASS_SUPER'
# define RCLASS_SUPER(c) (RCLASS(c)->super)
                          ^
/Users/geos/.rvm/rubies/ruby-2.6.5/include/ruby-2.6.0/ruby/ruby.h:1255:30: note: expanded from macro 'RCLASS'
#define RCLASS(obj)  (R_CAST(RClass)(obj))
                             ^
/Users/geos/.rvm/rubies/ruby-2.6.5/include/ruby-2.6.0/ruby/backward.h:4:16: note: expanded from macro 'RClass'
#define RClass RClassDeprecated
               ^
/Users/geos/.rvm/rubies/ruby-2.6.5/include/ruby-2.6.0/ruby/backward.h:6:1: note: 'RClassDeprecated' has been explicitly marked deprecated here
DEPRECATED_TYPE(("RClass is internal use only"),
^
/Users/geos/.rvm/rubies/ruby-2.6.5/include/ruby-2.6.0/x86_64-darwin20/ruby/config.h:140:51: note: expanded from macro 'DEPRECATED_TYPE'
#define DEPRECATED_TYPE(mesg,x) x __attribute__ ((__deprecated__ mesg))
                                                  ^
mixology.c:30:18: error: no member named 'super' in 'struct RClassDeprecated'
    if (KLASS_OF(RCLASS_SUPER(klass)) != KLASS_OF(RCLASS_SUPER(include_class))) {
        ~~~~~~~~~^~~~~~~~~~~~~~~~~~~~
mixology.c:9:38: note: expanded from macro 'RCLASS_SUPER'
# define RCLASS_SUPER(c) (RCLASS(c)->super)
                                     ^
mixology.c:4:29: note: expanded from macro 'KLASS_OF'
#define KLASS_OF(c) (RBASIC(c)->klass)
                     ~~~~~~~^~
/Users/geos/.rvm/rubies/ruby-2.6.5/include/ruby-2.6.0/ruby/ruby.h:1253:38: note: expanded from macro 'RBASIC'
#define RBASIC(obj)  (R_CAST(RBasic)(obj))
                                     ^~~
mixology.c:30:51: warning: 'RClassDeprecated' is deprecated: RClass is internal use only [-Wdeprecated-declarations]
    if (KLASS_OF(RCLASS_SUPER(klass)) != KLASS_OF(RCLASS_SUPER(include_class))) {
                                                  ^
mixology.c:9:27: note: expanded from macro 'RCLASS_SUPER'
# define RCLASS_SUPER(c) (RCLASS(c)->super)
                          ^
/Users/geos/.rvm/rubies/ruby-2.6.5/include/ruby-2.6.0/ruby/ruby.h:1255:30: note: expanded from macro 'RCLASS'
#define RCLASS(obj)  (R_CAST(RClass)(obj))
                             ^
/Users/geos/.rvm/rubies/ruby-2.6.5/include/ruby-2.6.0/ruby/backward.h:4:16: note: expanded from macro 'RClass'
#define RClass RClassDeprecated
               ^
/Users/geos/.rvm/rubies/ruby-2.6.5/include/ruby-2.6.0/ruby/backward.h:6:1: note: 'RClassDeprecated' has been explicitly marked deprecated here
DEPRECATED_TYPE(("RClass is internal use only"),
^
/Users/geos/.rvm/rubies/ruby-2.6.5/include/ruby-2.6.0/x86_64-darwin20/ruby/config.h:140:51: note: expanded from macro 'DEPRECATED_TYPE'
#define DEPRECATED_TYPE(mesg,x) x __attribute__ ((__deprecated__ mesg))
                                                  ^
mixology.c:30:51: error: no member named 'super' in 'struct RClassDeprecated'
    if (KLASS_OF(RCLASS_SUPER(klass)) != KLASS_OF(RCLASS_SUPER(include_class))) {
                                         ~~~~~~~~~^~~~~~~~~~~~~~~~~~~~~~~~~~~~
mixology.c:9:38: note: expanded from macro 'RCLASS_SUPER'
# define RCLASS_SUPER(c) (RCLASS(c)->super)
                                     ^
mixology.c:4:29: note: expanded from macro 'KLASS_OF'
#define KLASS_OF(c) (RBASIC(c)->klass)
                     ~~~~~~~^~
/Users/geos/.rvm/rubies/ruby-2.6.5/include/ruby-2.6.0/ruby/ruby.h:1253:38: note: expanded from macro 'RBASIC'
#define RBASIC(obj)  (R_CAST(RBasic)(obj))
                                     ^~~
mixology.c:33:22: warning: 'RClassDeprecated' is deprecated: RClass is internal use only [-Wdeprecated-declarations]
    if (RCLASS_SUPER(RCLASS_SUPER(include_class)) && BUILTIN_TYPE(RCLASS_SUPER(include_class)) == T_ICLASS) {
                     ^
mixology.c:9:27: note: expanded from macro 'RCLASS_SUPER'
# define RCLASS_SUPER(c) (RCLASS(c)->super)
                          ^
/Users/geos/.rvm/rubies/ruby-2.6.5/include/ruby-2.6.0/ruby/ruby.h:1255:30: note: expanded from macro 'RCLASS'
#define RCLASS(obj)  (R_CAST(RClass)(obj))
                             ^
/Users/geos/.rvm/rubies/ruby-2.6.5/include/ruby-2.6.0/ruby/backward.h:4:16: note: expanded from macro 'RClass'
#define RClass RClassDeprecated
               ^
/Users/geos/.rvm/rubies/ruby-2.6.5/include/ruby-2.6.0/ruby/backward.h:6:1: note: 'RClassDeprecated' has been explicitly marked deprecated here
DEPRECATED_TYPE(("RClass is internal use only"),
^
/Users/geos/.rvm/rubies/ruby-2.6.5/include/ruby-2.6.0/x86_64-darwin20/ruby/config.h:140:51: note: expanded from macro 'DEPRECATED_TYPE'
#define DEPRECATED_TYPE(mesg,x) x __attribute__ ((__deprecated__ mesg))
                                                  ^
mixology.c:33:22: error: no member named 'super' in 'struct RClassDeprecated'
    if (RCLASS_SUPER(RCLASS_SUPER(include_class)) && BUILTIN_TYPE(RCLASS_SUPER(include_class)) == T_ICLASS) {
        ~~~~~~~~~~~~~^~~~~~~~~~~~~~~~~~~~~~~~~~~~
mixology.c:9:38: note: expanded from macro 'RCLASS_SUPER'
# define RCLASS_SUPER(c) (RCLASS(c)->super)
                                     ^
mixology.c:9:34: note: expanded from macro 'RCLASS_SUPER'
# define RCLASS_SUPER(c) (RCLASS(c)->super)
                          ~~~~~~~^~
/Users/geos/.rvm/rubies/ruby-2.6.5/include/ruby-2.6.0/ruby/ruby.h:1255:38: note: expanded from macro 'RCLASS'
#define RCLASS(obj)  (R_CAST(RClass)(obj))
                                     ^~~
mixology.c:33:9: warning: 'RClassDeprecated' is deprecated: RClass is internal use only [-Wdeprecated-declarations]
    if (RCLASS_SUPER(RCLASS_SUPER(include_class)) && BUILTIN_TYPE(RCLASS_SUPER(include_class)) == T_ICLASS) {
        ^
mixology.c:9:27: note: expanded from macro 'RCLASS_SUPER'
# define RCLASS_SUPER(c) (RCLASS(c)->super)
                          ^
/Users/geos/.rvm/rubies/ruby-2.6.5/include/ruby-2.6.0/ruby/ruby.h:1255:30: note: expanded from macro 'RCLASS'
#define RCLASS(obj)  (R_CAST(RClass)(obj))
                             ^
/Users/geos/.rvm/rubies/ruby-2.6.5/include/ruby-2.6.0/ruby/backward.h:4:16: note: expanded from macro 'RClass'
#define RClass RClassDeprecated
               ^
/Users/geos/.rvm/rubies/ruby-2.6.5/include/ruby-2.6.0/ruby/backward.h:6:1: note: 'RClassDeprecated' has been explicitly marked deprecated here
DEPRECATED_TYPE(("RClass is internal use only"),
^
/Users/geos/.rvm/rubies/ruby-2.6.5/include/ruby-2.6.0/x86_64-darwin20/ruby/config.h:140:51: note: expanded from macro 'DEPRECATED_TYPE'
#define DEPRECATED_TYPE(mesg,x) x __attribute__ ((__deprecated__ mesg))
                                                  ^
mixology.c:33:9: error: no member named 'super' in 'struct RClassDeprecated'
    if (RCLASS_SUPER(RCLASS_SUPER(include_class)) && BUILTIN_TYPE(RCLASS_SUPER(include_class)) == T_ICLASS) {
        ^~~~~~~~~~~~~~~~~~~~~~~~~~~~~~~~~~~~~~~~~
mixology.c:9:38: note: expanded from macro 'RCLASS_SUPER'
# define RCLASS_SUPER(c) (RCLASS(c)->super)
                          ~~~~~~~~~  ^
mixology.c:33:67: warning: 'RClassDeprecated' is deprecated: RClass is internal use only [-Wdeprecated-declarations]
    if (RCLASS_SUPER(RCLASS_SUPER(include_class)) && BUILTIN_TYPE(RCLASS_SUPER(include_class)) == T_ICLASS) {
                                                                  ^
mixology.c:9:27: note: expanded from macro 'RCLASS_SUPER'
# define RCLASS_SUPER(c) (RCLASS(c)->super)
                          ^
/Users/geos/.rvm/rubies/ruby-2.6.5/include/ruby-2.6.0/ruby/ruby.h:1255:30: note: expanded from macro 'RCLASS'
#define RCLASS(obj)  (R_CAST(RClass)(obj))
                             ^
/Users/geos/.rvm/rubies/ruby-2.6.5/include/ruby-2.6.0/ruby/backward.h:4:16: note: expanded from macro 'RClass'
#define RClass RClassDeprecated
               ^
/Users/geos/.rvm/rubies/ruby-2.6.5/include/ruby-2.6.0/ruby/backward.h:6:1: note: 'RClassDeprecated' has been explicitly marked deprecated here
DEPRECATED_TYPE(("RClass is internal use only"),
^
/Users/geos/.rvm/rubies/ruby-2.6.5/include/ruby-2.6.0/x86_64-darwin20/ruby/config.h:140:51: note: expanded from macro 'DEPRECATED_TYPE'
#define DEPRECATED_TYPE(mesg,x) x __attribute__ ((__deprecated__ mesg))
                                                  ^
mixology.c:33:67: error: no member named 'super' in 'struct RClassDeprecated'
    if (RCLASS_SUPER(RCLASS_SUPER(include_class)) && BUILTIN_TYPE(RCLASS_SUPER(include_class)) == T_ICLASS) {
                                                     ~~~~~~~~~~~~~^~~~~~~~~~~~~~~~~~~~~~~~~~~~
mixology.c:9:38: note: expanded from macro 'RCLASS_SUPER'
# define RCLASS_SUPER(c) (RCLASS(c)->super)
                                     ^
/Users/geos/.rvm/rubies/ruby-2.6.5/include/ruby-2.6.0/ruby/ruby.h:548:41: note: expanded from macro 'BUILTIN_TYPE'
#define BUILTIN_TYPE(x) RB_BUILTIN_TYPE(x)
                        ~~~~~~~~~~~~~~~~^~
/Users/geos/.rvm/rubies/ruby-2.6.5/include/ruby-2.6.0/ruby/ruby.h:547:52: note: expanded from macro 'RB_BUILTIN_TYPE'
#define RB_BUILTIN_TYPE(x) (int)(((struct RBasic*)(x))->flags & RUBY_T_MASK)
                                                   ^
mixology.c:34:30: warning: 'RClassDeprecated' is deprecated: RClass is internal use only [-Wdeprecated-declarations]
        remove_nested_module(RCLASS_SUPER(klass), RCLASS_SUPER(include_class));
                             ^
mixology.c:9:27: note: expanded from macro 'RCLASS_SUPER'
# define RCLASS_SUPER(c) (RCLASS(c)->super)
                          ^
/Users/geos/.rvm/rubies/ruby-2.6.5/include/ruby-2.6.0/ruby/ruby.h:1255:30: note: expanded from macro 'RCLASS'
#define RCLASS(obj)  (R_CAST(RClass)(obj))
                             ^
/Users/geos/.rvm/rubies/ruby-2.6.5/include/ruby-2.6.0/ruby/backward.h:4:16: note: expanded from macro 'RClass'
#define RClass RClassDeprecated
               ^
/Users/geos/.rvm/rubies/ruby-2.6.5/include/ruby-2.6.0/ruby/backward.h:6:1: note: 'RClassDeprecated' has been explicitly marked deprecated here
DEPRECATED_TYPE(("RClass is internal use only"),
^
/Users/geos/.rvm/rubies/ruby-2.6.5/include/ruby-2.6.0/x86_64-darwin20/ruby/config.h:140:51: note: expanded from macro 'DEPRECATED_TYPE'
#define DEPRECATED_TYPE(mesg,x) x __attribute__ ((__deprecated__ mesg))
                                                  ^
mixology.c:34:30: error: no member named 'super' in 'struct RClassDeprecated'
        remove_nested_module(RCLASS_SUPER(klass), RCLASS_SUPER(include_class));
                             ^~~~~~~~~~~~~~~~~~~
mixology.c:9:38: note: expanded from macro 'RCLASS_SUPER'
# define RCLASS_SUPER(c) (RCLASS(c)->super)
                          ~~~~~~~~~  ^
mixology.c:34:51: warning: 'RClassDeprecated' is deprecated: RClass is internal use only [-Wdeprecated-declarations]
        remove_nested_module(RCLASS_SUPER(klass), RCLASS_SUPER(include_class));
                                                  ^
mixology.c:9:27: note: expanded from macro 'RCLASS_SUPER'
# define RCLASS_SUPER(c) (RCLASS(c)->super)
                          ^
/Users/geos/.rvm/rubies/ruby-2.6.5/include/ruby-2.6.0/ruby/ruby.h:1255:30: note: expanded from macro 'RCLASS'
#define RCLASS(obj)  (R_CAST(RClass)(obj))
                             ^
/Users/geos/.rvm/rubies/ruby-2.6.5/include/ruby-2.6.0/ruby/backward.h:4:16: note: expanded from macro 'RClass'
#define RClass RClassDeprecated
               ^
/Users/geos/.rvm/rubies/ruby-2.6.5/include/ruby-2.6.0/ruby/backward.h:6:1: note: 'RClassDeprecated' has been explicitly marked deprecated here
DEPRECATED_TYPE(("RClass is internal use only"),
^
/Users/geos/.rvm/rubies/ruby-2.6.5/include/ruby-2.6.0/x86_64-darwin20/ruby/config.h:140:51: note: expanded from macro 'DEPRECATED_TYPE'
#define DEPRECATED_TYPE(mesg,x) x __attribute__ ((__deprecated__ mesg))
                                                  ^
mixology.c:34:51: error: no member named 'super' in 'struct RClassDeprecated'
        remove_nested_module(RCLASS_SUPER(klass), RCLASS_SUPER(include_class));
                                                  ^~~~~~~~~~~~~~~~~~~~~~~~~~~
mixology.c:9:38: note: expanded from macro 'RCLASS_SUPER'
# define RCLASS_SUPER(c) (RCLASS(c)->super)
                          ~~~~~~~~~  ^
mixology.c:36:5: warning: 'RClassDeprecated' is deprecated: RClass is internal use only [-Wdeprecated-declarations]
    RCLASS_SUPER(klass) = RCLASS_SUPER(RCLASS_SUPER(klass));
    ^
mixology.c:9:27: note: expanded from macro 'RCLASS_SUPER'
# define RCLASS_SUPER(c) (RCLASS(c)->super)
                          ^
/Users/geos/.rvm/rubies/ruby-2.6.5/include/ruby-2.6.0/ruby/ruby.h:1255:30: note: expanded from macro 'RCLASS'
#define RCLASS(obj)  (R_CAST(RClass)(obj))
                             ^
/Users/geos/.rvm/rubies/ruby-2.6.5/include/ruby-2.6.0/ruby/backward.h:4:16: note: expanded from macro 'RClass'
#define RClass RClassDeprecated
               ^
/Users/geos/.rvm/rubies/ruby-2.6.5/include/ruby-2.6.0/ruby/backward.h:6:1: note: 'RClassDeprecated' has been explicitly marked deprecated here
DEPRECATED_TYPE(("RClass is internal use only"),
^
/Users/geos/.rvm/rubies/ruby-2.6.5/include/ruby-2.6.0/x86_64-darwin20/ruby/config.h:140:51: note: expanded from macro 'DEPRECATED_TYPE'
#define DEPRECATED_TYPE(mesg,x) x __attribute__ ((__deprecated__ mesg))
                                                  ^
mixology.c:36:5: error: no member named 'super' in 'struct RClassDeprecated'
    RCLASS_SUPER(klass) = RCLASS_SUPER(RCLASS_SUPER(klass));
    ^~~~~~~~~~~~~~~~~~~
mixology.c:9:38: note: expanded from macro 'RCLASS_SUPER'
# define RCLASS_SUPER(c) (RCLASS(c)->super)
                          ~~~~~~~~~  ^
mixology.c:36:40: warning: 'RClassDeprecated' is deprecated: RClass is internal use only [-Wdeprecated-declarations]
    RCLASS_SUPER(klass) = RCLASS_SUPER(RCLASS_SUPER(klass));
                                       ^
mixology.c:9:27: note: expanded from macro 'RCLASS_SUPER'
# define RCLASS_SUPER(c) (RCLASS(c)->super)
                          ^
/Users/geos/.rvm/rubies/ruby-2.6.5/include/ruby-2.6.0/ruby/ruby.h:1255:30: note: expanded from macro 'RCLASS'
#define RCLASS(obj)  (R_CAST(RClass)(obj))
                             ^
/Users/geos/.rvm/rubies/ruby-2.6.5/include/ruby-2.6.0/ruby/backward.h:4:16: note: expanded from macro 'RClass'
#define RClass RClassDeprecated
               ^
/Users/geos/.rvm/rubies/ruby-2.6.5/include/ruby-2.6.0/ruby/backward.h:6:1: note: 'RClassDeprecated' has been explicitly marked deprecated here
DEPRECATED_TYPE(("RClass is internal use only"),
^
/Users/geos/.rvm/rubies/ruby-2.6.5/include/ruby-2.6.0/x86_64-darwin20/ruby/config.h:140:51: note: expanded from macro 'DEPRECATED_TYPE'
#define DEPRECATED_TYPE(mesg,x) x __attribute__ ((__deprecated__ mesg))
                                                  ^
mixology.c:36:40: error: no member named 'super' in 'struct RClassDeprecated'
    RCLASS_SUPER(klass) = RCLASS_SUPER(RCLASS_SUPER(klass));
                          ~~~~~~~~~~~~~^~~~~~~~~~~~~~~~~~~~
mixology.c:9:38: note: expanded from macro 'RCLASS_SUPER'
# define RCLASS_SUPER(c) (RCLASS(c)->super)
                                     ^
mixology.c:9:34: note: expanded from macro 'RCLASS_SUPER'
# define RCLASS_SUPER(c) (RCLASS(c)->super)
                          ~~~~~~~^~
/Users/geos/.rvm/rubies/ruby-2.6.5/include/ruby-2.6.0/ruby/ruby.h:1255:38: note: expanded from macro 'RCLASS'
#define RCLASS(obj)  (R_CAST(RClass)(obj))
                                     ^~~
mixology.c:36:27: warning: 'RClassDeprecated' is deprecated: RClass is internal use only [-Wdeprecated-declarations]
    RCLASS_SUPER(klass) = RCLASS_SUPER(RCLASS_SUPER(klass));
                          ^
mixology.c:9:27: note: expanded from macro 'RCLASS_SUPER'
# define RCLASS_SUPER(c) (RCLASS(c)->super)
                          ^
/Users/geos/.rvm/rubies/ruby-2.6.5/include/ruby-2.6.0/ruby/ruby.h:1255:30: note: expanded from macro 'RCLASS'
#define RCLASS(obj)  (R_CAST(RClass)(obj))
                             ^
/Users/geos/.rvm/rubies/ruby-2.6.5/include/ruby-2.6.0/ruby/backward.h:4:16: note: expanded from macro 'RClass'
#define RClass RClassDeprecated
               ^
/Users/geos/.rvm/rubies/ruby-2.6.5/include/ruby-2.6.0/ruby/backward.h:6:1: note: 'RClassDeprecated' has been explicitly marked deprecated here
DEPRECATED_TYPE(("RClass is internal use only"),
^
/Users/geos/.rvm/rubies/ruby-2.6.5/include/ruby-2.6.0/x86_64-darwin20/ruby/config.h:140:51: note: expanded from macro 'DEPRECATED_TYPE'
#define DEPRECATED_TYPE(mesg,x) x __attribute__ ((__deprecated__ mesg))
                                                  ^
mixology.c:36:27: error: no member named 'super' in 'struct RClassDeprecated'
    RCLASS_SUPER(klass) = RCLASS_SUPER(RCLASS_SUPER(klass));
                          ^~~~~~~~~~~~~~~~~~~~~~~~~~~~~~~~~
mixology.c:9:38: note: expanded from macro 'RCLASS_SUPER'
# define RCLASS_SUPER(c) (RCLASS(c)->super)
                          ~~~~~~~~~  ^
mixology.c:47:73: warning: 'RClassDeprecated' is deprecated: RClass is internal use only [-Wdeprecated-declarations]
    for (klass = KLASS_OF(self); klass != rb_class_real(klass); klass = RCLASS_SUPER(klass)) {
                                                                        ^
mixology.c:9:27: note: expanded from macro 'RCLASS_SUPER'
# define RCLASS_SUPER(c) (RCLASS(c)->super)
                          ^
/Users/geos/.rvm/rubies/ruby-2.6.5/include/ruby-2.6.0/ruby/ruby.h:1255:30: note: expanded from macro 'RCLASS'
#define RCLASS(obj)  (R_CAST(RClass)(obj))
                             ^
/Users/geos/.rvm/rubies/ruby-2.6.5/include/ruby-2.6.0/ruby/backward.h:4:16: note: expanded from macro 'RClass'
#define RClass RClassDeprecated
               ^
/Users/geos/.rvm/rubies/ruby-2.6.5/include/ruby-2.6.0/ruby/backward.h:6:1: note: 'RClassDeprecated' has been explicitly marked deprecated here
DEPRECATED_TYPE(("RClass is internal use only"),
^
/Users/geos/.rvm/rubies/ruby-2.6.5/include/ruby-2.6.0/x86_64-darwin20/ruby/config.h:140:51: note: expanded from macro 'DEPRECATED_TYPE'
#define DEPRECATED_TYPE(mesg,x) x __attribute__ ((__deprecated__ mesg))
                                                  ^
mixology.c:47:73: error: no member named 'super' in 'struct RClassDeprecated'
    for (klass = KLASS_OF(self); klass != rb_class_real(klass); klass = RCLASS_SUPER(klass)) {
                                                                        ^~~~~~~~~~~~~~~~~~~
mixology.c:9:38: note: expanded from macro 'RCLASS_SUPER'
# define RCLASS_SUPER(c) (RCLASS(c)->super)
                          ~~~~~~~~~  ^
mixology.c:48:23: error: no member named 'super' in 'struct RClassDeprecated'
        VALUE super = RCLASS_SUPER(klass);
                      ^~~~~~~~~~~~~~~~~~~
mixology.c:9:38: note: expanded from macro 'RCLASS_SUPER'
# define RCLASS_SUPER(c) (RCLASS(c)->super)
                          ~~~~~~~~~  ^
mixology.c:48:23: warning: 'RClassDeprecated' is deprecated: RClass is internal use only [-Wdeprecated-declarations]
mixology.c:9:27: note: expanded from macro 'RCLASS_SUPER'
# define RCLASS_SUPER(c) (RCLASS(c)->super)
                          ^
/Users/geos/.rvm/rubies/ruby-2.6.5/include/ruby-2.6.0/ruby/ruby.h:1255:30: note: expanded from macro 'RCLASS'
#define RCLASS(obj)  (R_CAST(RClass)(obj))
                             ^
/Users/geos/.rvm/rubies/ruby-2.6.5/include/ruby-2.6.0/ruby/backward.h:4:16: note: expanded from macro 'RClass'
#define RClass RClassDeprecated
               ^
/Users/geos/.rvm/rubies/ruby-2.6.5/include/ruby-2.6.0/ruby/backward.h:6:1: note: 'RClassDeprecated' has been explicitly marked deprecated here
DEPRECATED_TYPE(("RClass is internal use only"),
^
/Users/geos/.rvm/rubies/ruby-2.6.5/include/ruby-2.6.0/x86_64-darwin20/ruby/config.h:140:51: note: expanded from macro 'DEPRECATED_TYPE'
#define DEPRECATED_TYPE(mesg,x) x __attribute__ ((__deprecated__ mesg))
                                                  ^
mixology.c:51:21: warning: 'RClassDeprecated' is deprecated: RClass is internal use only [-Wdeprecated-declarations]
                if (RCLASS_SUPER(module) && BUILTIN_TYPE(RCLASS_SUPER(module)) == T_ICLASS)
                    ^
mixology.c:9:27: note: expanded from macro 'RCLASS_SUPER'
# define RCLASS_SUPER(c) (RCLASS(c)->super)
                          ^
/Users/geos/.rvm/rubies/ruby-2.6.5/include/ruby-2.6.0/ruby/ruby.h:1255:30: note: expanded from macro 'RCLASS'
#define RCLASS(obj)  (R_CAST(RClass)(obj))
                             ^
/Users/geos/.rvm/rubies/ruby-2.6.5/include/ruby-2.6.0/ruby/backward.h:4:16: note: expanded from macro 'RClass'
#define RClass RClassDeprecated
               ^
/Users/geos/.rvm/rubies/ruby-2.6.5/include/ruby-2.6.0/ruby/backward.h:6:1: note: 'RClassDeprecated' has been explicitly marked deprecated here
DEPRECATED_TYPE(("RClass is internal use only"),
^
/Users/geos/.rvm/rubies/ruby-2.6.5/include/ruby-2.6.0/x86_64-darwin20/ruby/config.h:140:51: note: expanded from macro 'DEPRECATED_TYPE'
#define DEPRECATED_TYPE(mesg,x) x __attribute__ ((__deprecated__ mesg))
                                                  ^
mixology.c:51:21: error: no member named 'super' in 'struct RClassDeprecated'
                if (RCLASS_SUPER(module) && BUILTIN_TYPE(RCLASS_SUPER(module)) == T_ICLASS)
                    ^~~~~~~~~~~~~~~~~~~~
mixology.c:9:38: note: expanded from macro 'RCLASS_SUPER'
# define RCLASS_SUPER(c) (RCLASS(c)->super)
                          ~~~~~~~~~  ^
mixology.c:51:58: warning: 'RClassDeprecated' is deprecated: RClass is internal use only [-Wdeprecated-declarations]
                if (RCLASS_SUPER(module) && BUILTIN_TYPE(RCLASS_SUPER(module)) == T_ICLASS)
                                                         ^
mixology.c:9:27: note: expanded from macro 'RCLASS_SUPER'
# define RCLASS_SUPER(c) (RCLASS(c)->super)
                          ^
/Users/geos/.rvm/rubies/ruby-2.6.5/include/ruby-2.6.0/ruby/ruby.h:1255:30: note: expanded from macro 'RCLASS'
#define RCLASS(obj)  (R_CAST(RClass)(obj))
                             ^
/Users/geos/.rvm/rubies/ruby-2.6.5/include/ruby-2.6.0/ruby/backward.h:4:16: note: expanded from macro 'RClass'
#define RClass RClassDeprecated
               ^
/Users/geos/.rvm/rubies/ruby-2.6.5/include/ruby-2.6.0/ruby/backward.h:6:1: note: 'RClassDeprecated' has been explicitly marked deprecated here
DEPRECATED_TYPE(("RClass is internal use only"),
^
/Users/geos/.rvm/rubies/ruby-2.6.5/include/ruby-2.6.0/x86_64-darwin20/ruby/config.h:140:51: note: expanded from macro 'DEPRECATED_TYPE'
#define DEPRECATED_TYPE(mesg,x) x __attribute__ ((__deprecated__ mesg))
                                                  ^
mixology.c:51:58: error: no member named 'super' in 'struct RClassDeprecated'
                if (RCLASS_SUPER(module) && BUILTIN_TYPE(RCLASS_SUPER(module)) == T_ICLASS)
                                            ~~~~~~~~~~~~~^~~~~~~~~~~~~~~~~~~~~
mixology.c:9:38: note: expanded from macro 'RCLASS_SUPER'
# define RCLASS_SUPER(c) (RCLASS(c)->super)
                                     ^
/Users/geos/.rvm/rubies/ruby-2.6.5/include/ruby-2.6.0/ruby/ruby.h:548:41: note: expanded from macro 'BUILTIN_TYPE'
#define BUILTIN_TYPE(x) RB_BUILTIN_TYPE(x)
                        ~~~~~~~~~~~~~~~~^~
/Users/geos/.rvm/rubies/ruby-2.6.5/include/ruby-2.6.0/ruby/ruby.h:547:52: note: expanded from macro 'RB_BUILTIN_TYPE'
#define RB_BUILTIN_TYPE(x) (int)(((struct RBasic*)(x))->flags & RUBY_T_MASK)
                                                   ^
mixology.c:54:17: warning: 'RClassDeprecated' is deprecated: RClass is internal use only [-Wdeprecated-declarations]
                RCLASS_SUPER(klass) = RCLASS_SUPER(RCLASS_SUPER(klass));
                ^
mixology.c:9:27: note: expanded from macro 'RCLASS_SUPER'
# define RCLASS_SUPER(c) (RCLASS(c)->super)
                          ^
/Users/geos/.rvm/rubies/ruby-2.6.5/include/ruby-2.6.0/ruby/ruby.h:1255:30: note: expanded from macro 'RCLASS'
#define RCLASS(obj)  (R_CAST(RClass)(obj))
                             ^
/Users/geos/.rvm/rubies/ruby-2.6.5/include/ruby-2.6.0/ruby/backward.h:4:16: note: expanded from macro 'RClass'
#define RClass RClassDeprecated
               ^
/Users/geos/.rvm/rubies/ruby-2.6.5/include/ruby-2.6.0/ruby/backward.h:6:1: note: 'RClassDeprecated' has been explicitly marked deprecated here
DEPRECATED_TYPE(("RClass is internal use only"),
^
/Users/geos/.rvm/rubies/ruby-2.6.5/include/ruby-2.6.0/x86_64-darwin20/ruby/config.h:140:51: note: expanded from macro 'DEPRECATED_TYPE'
#define DEPRECATED_TYPE(mesg,x) x __attribute__ ((__deprecated__ mesg))
                                                  ^
mixology.c:54:17: error: no member named 'super' in 'struct RClassDeprecated'
                RCLASS_SUPER(klass) = RCLASS_SUPER(RCLASS_SUPER(klass));
                ^~~~~~~~~~~~~~~~~~~
mixology.c:9:38: note: expanded from macro 'RCLASS_SUPER'
# define RCLASS_SUPER(c) (RCLASS(c)->super)
                          ~~~~~~~~~  ^
mixology.c:54:52: warning: 'RClassDeprecated' is deprecated: RClass is internal use only [-Wdeprecated-declarations]
                RCLASS_SUPER(klass) = RCLASS_SUPER(RCLASS_SUPER(klass));
                                                   ^
mixology.c:9:27: note: expanded from macro 'RCLASS_SUPER'
# define RCLASS_SUPER(c) (RCLASS(c)->super)
                          ^
/Users/geos/.rvm/rubies/ruby-2.6.5/include/ruby-2.6.0/ruby/ruby.h:1255:30: note: expanded from macro 'RCLASS'
#define RCLASS(obj)  (R_CAST(RClass)(obj))
                             ^
/Users/geos/.rvm/rubies/ruby-2.6.5/include/ruby-2.6.0/ruby/backward.h:4:16: note: expanded from macro 'RClass'
#define RClass RClassDeprecated
               ^
/Users/geos/.rvm/rubies/ruby-2.6.5/include/ruby-2.6.0/ruby/backward.h:6:1: note: 'RClassDeprecated' has been explicitly marked deprecated here
DEPRECATED_TYPE(("RClass is internal use only"),
^
/Users/geos/.rvm/rubies/ruby-2.6.5/include/ruby-2.6.0/x86_64-darwin20/ruby/config.h:140:51: note: expanded from macro 'DEPRECATED_TYPE'
#define DEPRECATED_TYPE(mesg,x) x __attribute__ ((__deprecated__ mesg))
                                                  ^
mixology.c:54:52: error: no member named 'super' in 'struct RClassDeprecated'
                RCLASS_SUPER(klass) = RCLASS_SUPER(RCLASS_SUPER(klass));
                                      ~~~~~~~~~~~~~^~~~~~~~~~~~~~~~~~~~
mixology.c:9:38: note: expanded from macro 'RCLASS_SUPER'
# define RCLASS_SUPER(c) (RCLASS(c)->super)
                                     ^
mixology.c:9:34: note: expanded from macro 'RCLASS_SUPER'
# define RCLASS_SUPER(c) (RCLASS(c)->super)
                          ~~~~~~~^~
/Users/geos/.rvm/rubies/ruby-2.6.5/include/ruby-2.6.0/ruby/ruby.h:1255:38: note: expanded from macro 'RCLASS'
#define RCLASS(obj)  (R_CAST(RClass)(obj))
                                     ^~~
mixology.c:54:39: warning: 'RClassDeprecated' is deprecated: RClass is internal use only [-Wdeprecated-declarations]
                RCLASS_SUPER(klass) = RCLASS_SUPER(RCLASS_SUPER(klass));
                                      ^
mixology.c:9:27: note: expanded from macro 'RCLASS_SUPER'
# define RCLASS_SUPER(c) (RCLASS(c)->super)
                          ^
/Users/geos/.rvm/rubies/ruby-2.6.5/include/ruby-2.6.0/ruby/ruby.h:1255:30: note: expanded from macro 'RCLASS'
#define RCLASS(obj)  (R_CAST(RClass)(obj))
                             ^
/Users/geos/.rvm/rubies/ruby-2.6.5/include/ruby-2.6.0/ruby/backward.h:4:16: note: expanded from macro 'RClass'
#define RClass RClassDeprecated
               ^
/Users/geos/.rvm/rubies/ruby-2.6.5/include/ruby-2.6.0/ruby/backward.h:6:1: note: 'RClassDeprecated' has been explicitly marked deprecated here
DEPRECATED_TYPE(("RClass is internal use only"),
^
/Users/geos/.rvm/rubies/ruby-2.6.5/include/ruby-2.6.0/x86_64-darwin20/ruby/config.h:140:51: note: expanded from macro 'DEPRECATED_TYPE'
#define DEPRECATED_TYPE(mesg,x) x __attribute__ ((__deprecated__ mesg))
                                                  ^
mixology.c:54:39: error: no member named 'super' in 'struct RClassDeprecated'
                RCLASS_SUPER(klass) = RCLASS_SUPER(RCLASS_SUPER(klass));
                                      ^~~~~~~~~~~~~~~~~~~~~~~~~~~~~~~~~
mixology.c:9:38: note: expanded from macro 'RCLASS_SUPER'
# define RCLASS_SUPER(c) (RCLASS(c)->super)
                          ~~~~~~~~~  ^
mixology.c:55:17: warning: 'rb_clear_cache' is deprecated [-Wdeprecated-declarations]
                rb_clear_cache();
                ^
/Users/geos/.rvm/rubies/ruby-2.6.5/include/ruby-2.6.0/ruby/backward.h:31:1: note: 'rb_clear_cache' has been explicitly marked deprecated here
DECLARE_DEPRECATED_FEATURE(2.2, rb_clear_cache);
^
/Users/geos/.rvm/rubies/ruby-2.6.5/include/ruby-2.6.0/ruby/backward.h:13:51: note: expanded from macro 'DECLARE_DEPRECATED_FEATURE'
    NORETURN(ERRORFUNC(("deprecated since "#ver), DEPRECATED(void func(void))))
                                                  ^
/Users/geos/.rvm/rubies/ruby-2.6.5/include/ruby-2.6.0/x86_64-darwin20/ruby/config.h:138:39: note: expanded from macro 'DEPRECATED'
#define DEPRECATED(x) __attribute__ ((__deprecated__)) x
                                      ^
mixology.c:64:19: error: no member named 'super' in 'struct RClassDeprecated'
    VALUE super = RCLASS_SUPER(rb_singleton_class(self));
                  ^~~~~~~~~~~~~~~~~~~~~~~~~~~~~~~~~~~~~~
mixology.c:9:38: note: expanded from macro 'RCLASS_SUPER'
# define RCLASS_SUPER(c) (RCLASS(c)->super)
                          ~~~~~~~~~  ^
mixology.c:64:19: warning: 'RClassDeprecated' is deprecated: RClass is internal use only [-Wdeprecated-declarations]
mixology.c:9:27: note: expanded from macro 'RCLASS_SUPER'
# define RCLASS_SUPER(c) (RCLASS(c)->super)
                          ^
/Users/geos/.rvm/rubies/ruby-2.6.5/include/ruby-2.6.0/ruby/ruby.h:1255:30: note: expanded from macro 'RCLASS'
#define RCLASS(obj)  (R_CAST(RClass)(obj))
                             ^
/Users/geos/.rvm/rubies/ruby-2.6.5/include/ruby-2.6.0/ruby/backward.h:4:16: note: expanded from macro 'RClass'
#define RClass RClassDeprecated
               ^
/Users/geos/.rvm/rubies/ruby-2.6.5/include/ruby-2.6.0/ruby/backward.h:6:1: note: 'RClassDeprecated' has been explicitly marked deprecated here
DEPRECATED_TYPE(("RClass is internal use only"),
^
/Users/geos/.rvm/rubies/ruby-2.6.5/include/ruby-2.6.0/x86_64-darwin20/ruby/config.h:140:51: note: expanded from macro 'DEPRECATED_TYPE'
#define DEPRECATED_TYPE(mesg,x) x __attribute__ ((__deprecated__ mesg))
                                                  ^
mixology.c:69:26: warning: 'RClassDeprecated' is deprecated: RClass is internal use only [-Wdeprecated-declarations]
    NEWOBJ(klass, struct RClass);
                         ^
/Users/geos/.rvm/rubies/ruby-2.6.5/include/ruby-2.6.0/ruby/backward.h:4:16: note: expanded from macro 'RClass'
#define RClass RClassDeprecated
               ^
/Users/geos/.rvm/rubies/ruby-2.6.5/include/ruby-2.6.0/ruby/backward.h:6:1: note: 'RClassDeprecated' has been explicitly marked deprecated here
DEPRECATED_TYPE(("RClass is internal use only"),
^
/Users/geos/.rvm/rubies/ruby-2.6.5/include/ruby-2.6.0/x86_64-darwin20/ruby/config.h:140:51: note: expanded from macro 'DEPRECATED_TYPE'
#define DEPRECATED_TYPE(mesg,x) x __attribute__ ((__deprecated__ mesg))
                                                  ^
mixology.c:69:26: warning: 'RClassDeprecated' is deprecated: RClass is internal use only [-Wdeprecated-declarations]
    NEWOBJ(klass, struct RClass);
                         ^
/Users/geos/.rvm/rubies/ruby-2.6.5/include/ruby-2.6.0/ruby/backward.h:4:16: note: expanded from macro 'RClass'
#define RClass RClassDeprecated
               ^
/Users/geos/.rvm/rubies/ruby-2.6.5/include/ruby-2.6.0/ruby/backward.h:6:1: note: 'RClassDeprecated' has been explicitly marked deprecated here
DEPRECATED_TYPE(("RClass is internal use only"),
^
/Users/geos/.rvm/rubies/ruby-2.6.5/include/ruby-2.6.0/x86_64-darwin20/ruby/config.h:140:51: note: expanded from macro 'DEPRECATED_TYPE'
#define DEPRECATED_TYPE(mesg,x) x __attribute__ ((__deprecated__ mesg))
                                                  ^
mixology.c:70:14: warning: incompatible pointer to integer conversion passing 'struct RClassDeprecated *' to parameter of type 'VALUE' (aka 'unsigned long') [-Wint-conversion]
    OBJSETUP(klass, rb_cClass, T_ICLASS);
             ^~~~~
/Users/geos/.rvm/rubies/ruby-2.6.5/include/ruby-2.6.0/ruby/ruby.h:785:40: note: expanded from macro 'OBJSETUP'
#define OBJSETUP(obj,c,t) rb_obj_setup(obj, c, t) /* use NEWOBJ_OF instead of NEWOBJ()+OBJSETUP() */
                                       ^~~
/Users/geos/.rvm/rubies/ruby-2.6.5/include/ruby-2.6.0/ruby/ruby.h:780:26: note: passing argument to parameter 'obj' here
VALUE rb_obj_setup(VALUE obj, VALUE klass, VALUE type);
                         ^
mixology.c:76:10: warning: 'RClassDeprecated' is deprecated: RClass is internal use only [-Wdeprecated-declarations]
    if (!RCLASS_IV_TBL(module)) {
         ^
mixology.c:10:28: note: expanded from macro 'RCLASS_IV_TBL'
# define RCLASS_IV_TBL(c) (RCLASS(c)->iv_tbl)
                           ^
/Users/geos/.rvm/rubies/ruby-2.6.5/include/ruby-2.6.0/ruby/ruby.h:1255:30: note: expanded from macro 'RCLASS'
#define RCLASS(obj)  (R_CAST(RClass)(obj))
                             ^
/Users/geos/.rvm/rubies/ruby-2.6.5/include/ruby-2.6.0/ruby/backward.h:4:16: note: expanded from macro 'RClass'
#define RClass RClassDeprecated
               ^
/Users/geos/.rvm/rubies/ruby-2.6.5/include/ruby-2.6.0/ruby/backward.h:6:1: note: 'RClassDeprecated' has been explicitly marked deprecated here
DEPRECATED_TYPE(("RClass is internal use only"),
^
/Users/geos/.rvm/rubies/ruby-2.6.5/include/ruby-2.6.0/x86_64-darwin20/ruby/config.h:140:51: note: expanded from macro 'DEPRECATED_TYPE'
#define DEPRECATED_TYPE(mesg,x) x __attribute__ ((__deprecated__ mesg))
                                                  ^
mixology.c:76:10: error: no member named 'iv_tbl' in 'struct RClassDeprecated'
    if (!RCLASS_IV_TBL(module)) {
         ^~~~~~~~~~~~~~~~~~~~~
mixology.c:10:39: note: expanded from macro 'RCLASS_IV_TBL'
# define RCLASS_IV_TBL(c) (RCLASS(c)->iv_tbl)
                           ~~~~~~~~~  ^
mixology.c:77:9: warning: 'RClassDeprecated' is deprecated: RClass is internal use only [-Wdeprecated-declarations]
        RCLASS_IV_TBL(module) = (void*)st_init_numtable();
        ^
mixology.c:10:28: note: expanded from macro 'RCLASS_IV_TBL'
# define RCLASS_IV_TBL(c) (RCLASS(c)->iv_tbl)
                           ^
/Users/geos/.rvm/rubies/ruby-2.6.5/include/ruby-2.6.0/ruby/ruby.h:1255:30: note: expanded from macro 'RCLASS'
#define RCLASS(obj)  (R_CAST(RClass)(obj))
                             ^
/Users/geos/.rvm/rubies/ruby-2.6.5/include/ruby-2.6.0/ruby/backward.h:4:16: note: expanded from macro 'RClass'
#define RClass RClassDeprecated
               ^
/Users/geos/.rvm/rubies/ruby-2.6.5/include/ruby-2.6.0/ruby/backward.h:6:1: note: 'RClassDeprecated' has been explicitly marked deprecated here
DEPRECATED_TYPE(("RClass is internal use only"),
^
/Users/geos/.rvm/rubies/ruby-2.6.5/include/ruby-2.6.0/x86_64-darwin20/ruby/config.h:140:51: note: expanded from macro 'DEPRECATED_TYPE'
#define DEPRECATED_TYPE(mesg,x) x __attribute__ ((__deprecated__ mesg))
                                                  ^
fatal error: too many errors emitted, stopping now [-ferror-limit=]
25 warnings and 20 errors generated.
make: *** [mixology.o] Error 1

make failed, exit code 2
